19
21
19
29
23
37
12
24
14
17
16
24
18
21
9
31
17
24
11
21
22
22
15
23
16
23
20
25
23
28
20
26
16
20
16
36
21
25
13
29
17
30
12
22
25
30
18
29
19
22
7
20
13
17
23
34
29
25
19
34
24
24
19
23
26
26
24
35
22
31
15
31
19
29
23
21
14
27
18
23
20
30
23
38
18
33
17
26
19
30
26
24
27
30
20
17
17
23
12
24
23
34
24
39
23
30
21
29
20
36
21
33
21
33
18
29
24
28
20
39
34
26
17
17
16
23
16
28
19
34
19
28
21
23
21
40
29
18
23
37
25
39
20
23
31
30
23
18
26
34
27
26
29
17
19
31
22
24
15
25
26
23
24
34
27
18
25
27
18
32
26
34
43
40
23
32
27
26
30
37
28
35
29
29
40
33
19
32
23
19
20
26
33
22
13
31
28
27
31
30
27
21
19
22
28
24
15
16
23
20
17
34
25
30
20
29
35
24
15
19
20
25
23
25
25
30
22
24
21
34
24
28
25
23
18
27
30
27
22
30
25
20
24
27
24
42
17
23
28
28
20
25
24
26
16
27
26
17
24
28
38
29
24
33
29
32
21
24
24
32
24
24
22
17
21
27
33
39
23
22
30
29
28
22
21
23
27
25
22
24
23
28
25
26
20
17
31
23
27
21
32
32
28
25
22
28
33
17
32
32
27
23
23
24
21
27
23
26
22
27
18
26
22
29
28
32
24
41
24
24
27
28
25
30
31
31
27
26
27
37
21
31
21
29
32
32
24
22
30
27
22
31
24
13
23
32
20
22
27
22
34
31
33
27
24
27
24
27
30
31
22
24
24
27
26
22
29
26
22
27
25
27
25
20
31
27
27
26
19
24
21
37
30
21
22
17
23
22
22
35
25
21
24
29
30
37
28
18
27
21
26
32
20
23
24
16
21
29
26
19
22
17
24
19
21
20
25
23
22
19
21
24
21
28
20
20
22
28
23
30
25
21
21
24
25
25
23
20
20
26
24
19
25
22
32
14
36
30
22
18
31
25
37
19
20
21
18
23
18
23
26
20
29
18
27
24
26
21
24
36
42
22
21
18
32
26
23
30
39
26
21
26
33
8
34
13
32
18
18
14
24
22
29
21
30
17
28
21
19
15
27
17
28
25
30
27
43
20
33
19
36
19
37
25
32
27
24
29
29
25
25
19
36
21
29
29
34
24
23
19
31
27
22
22
35
21
33
18
26
18
18
26
31
29
26
27
36
24
28
17
35
20
28
21
30
24
35
26
29
27
37
14
22
21
27
25
32
28
29
24
43
22
30
16
30
21
29
19
39
23
37
16
32
24
18
33
21
16
27
20
26
20
29
22
24
15
33
19
27
19
22
24
20
33
29
32
30
20
25
21
28
22
27
16
29
24
19
29
26
28
19
24
29
23
21
23
29
22
20
19
26
20
20
22
28
19
15
25
27
28
24
16
32
24
23
18
21
25
25
13
28
19
22
18
35
13
11
26
26
29
32
21
23
27
23
18
20
23
19
20
20
22
27
16
31
24
18
16
27
20
22
23
31
17
29
31
38
20
23
24
21
15
21
29
29
22
30
18
37
28
22
26
27
19
26
17
38
25
33
19
24
30
30
23
28
21
31
18
22
23
27
17
27
23
31
28
24
18
25
21
26
29
23
22
30
18
29
17
28
22
30
18
33
21
20
18
26
26
30
20
35
22
27
20
30
24
22
19
23
18
15
27
32
25
21
17
37
20
34
25
23
30
21
30
24
22
25
25
21
22
18
19
29
16
25
14
24
26
29
34
29
21
26
16
36
21
26
12
37
16
31
19
36
18
34
25
24
25
25
19
33
18
27
13
26
23
19
16
24
23
29
23
32
17
27
21
16
14
30
22
14
24
24
23
21
20
11
27
25
21
24
19
28
21
24
14
20
23
24
23
22
27
24
21
18
19
21
20
23
18
26
18
23
21
27
23
24
27
15
28
25
19
21
18
18
18
26
30
32
30
29
14
24
21
17
23
27
15
20
24
22
13
16
18
20
14
21
16
36
25
34
19
29
21
16
21
19
21
21
11
18
16
24
14
25
17
21
15
27
19
24
17
28
13
19
14
25
16
32
16
17
13
18
16
26
20
20
17
32
26
21
15
16
13
20
17
26
18
22
13
20
22
22
18
23
14
20
14
18
12
27
18
19
12
25
19
24
15
23
13
31
26
21
13
28
19
18
17
17
10
20
21
20
21
15
14
29
